
> market-store-backend@1.0.0 test
> vitest


 DEV  v1.6.1 /private/tmp/aivo-projects/Te6jQZbxw2j9ER0kpqaA/backend-api

 âœ“ src/__tests__/api.integration.test.ts  (35 tests) 9ms
 âœ“ src/__tests__/order.test.ts  (26 tests) 26ms
 â¯ src/__tests__/product.test.ts  (19 tests | 2 failed) 44ms
   â¯ src/__tests__/product.test.ts > Product Service > Product Validation > should validate price is positive number
     â†’ expected true to be false // Object.is equality
   â¯ src/__tests__/product.test.ts > Product Service > Product Validation > should validate SKU format
     â†’ expected true to be false // Object.is equality
 âœ“ src/__tests__/auth.test.ts  (22 tests) 17ms

âŽ¯âŽ¯âŽ¯âŽ¯âŽ¯âŽ¯âŽ¯ Failed Tests 2 âŽ¯âŽ¯âŽ¯âŽ¯âŽ¯âŽ¯âŽ¯

 FAIL  src/__tests__/product.test.ts > Product Service > Product Validation > should validate price is positive number
AssertionError: expected true to be false // Object.is equality

- Expected
+ Received

- false
+ true

 â¯ src/__tests__/product.test.ts:157:27
    155| 
    156|       invalidPrices.forEach((price) => {
    157|         expect(price > 0).toBe(false);
       |                           ^
    158|       });
    159|     });
 â¯ src/__tests__/product.test.ts:156:21

âŽ¯âŽ¯âŽ¯âŽ¯âŽ¯âŽ¯âŽ¯âŽ¯âŽ¯âŽ¯âŽ¯âŽ¯âŽ¯âŽ¯âŽ¯âŽ¯âŽ¯âŽ¯âŽ¯âŽ¯âŽ¯âŽ¯âŽ¯âŽ¯[1/2]âŽ¯

 FAIL  src/__tests__/product.test.ts > Product Service > Product Validation > should validate SKU format
AssertionError: expected true to be false // Object.is equality

- Expected
+ Received

- false
+ true

 â¯ src/__tests__/product.test.ts:170:52
    168| 
    169|       invalidSkus.forEach((sku) => {
    170|         expect(sku.length > 0 && sku.length <= 50).toBe(false);
       |                                                    ^
    171|       });
    172|     });
 â¯ src/__tests__/product.test.ts:169:19

âŽ¯âŽ¯âŽ¯âŽ¯âŽ¯âŽ¯âŽ¯âŽ¯âŽ¯âŽ¯âŽ¯âŽ¯âŽ¯âŽ¯âŽ¯âŽ¯âŽ¯âŽ¯âŽ¯âŽ¯âŽ¯âŽ¯âŽ¯âŽ¯[2/2]âŽ¯

 Test Files  1 failed | 3 passed (4)
      Tests  2 failed | 100 passed (102)
   Start at  15:09:38
   Duration  1.34s (transform 3.94s, setup 0ms, collect 4.21s, tests 96ms, environment 0ms, prepare 259ms)


 FAIL  Tests failed. Watching for file changes...
       press h to show help, press q to quit
[3Jc
 RERUN  src/__tests__/product.test.ts x1

 â¯ src/__tests__/product.test.ts  (19 tests | 1 failed) 11ms
   â¯ src/__tests__/product.test.ts > Product Service > Product Validation > should validate SKU format
     â†’ expected true to be false // Object.is equality

âŽ¯âŽ¯âŽ¯âŽ¯âŽ¯âŽ¯âŽ¯ Failed Tests 1 âŽ¯âŽ¯âŽ¯âŽ¯âŽ¯âŽ¯âŽ¯

 FAIL  src/__tests__/product.test.ts > Product Service > Product Validation > should validate SKU format
AssertionError: expected true to be false // Object.is equality

- Expected
+ Received

- false
+ true

 â¯ src/__tests__/product.test.ts:170:52
    168| 
    169|       invalidSkus.forEach((sku) => {
    170|         expect(sku.length > 0 && sku.length <= 50).toBe(false);
       |                                                    ^
    171|       });
    172|     });
 â¯ src/__tests__/product.test.ts:169:19

âŽ¯âŽ¯âŽ¯âŽ¯âŽ¯âŽ¯âŽ¯âŽ¯âŽ¯âŽ¯âŽ¯âŽ¯âŽ¯âŽ¯âŽ¯âŽ¯âŽ¯âŽ¯âŽ¯âŽ¯âŽ¯âŽ¯âŽ¯âŽ¯[1/1]âŽ¯

 Test Files  1 failed (1)
      Tests  1 failed | 18 passed (19)
   Start at  15:10:26
   Duration  41ms


 FAIL  Tests failed. Watching for file changes...
       press h to show help, press q to quit
       rerun x1
[2K[1A[2K[G[3Jc
 RERUN  src/__tests__/product.test.ts x2

 âœ“ src/__tests__/product.test.ts  (19 tests) 5ms

 Test Files  1 passed (1)
      Tests  19 passed (19)
   Start at  15:10:30
   Duration  25ms


 PASS  Waiting for file changes...
       press h to show help, press q to quit
       rerun x2
[2K[1A[2K[G